<?xml version="1.0" encoding="UTF-8"?>
<testsuite xmlns:xsi="http://www.w3.org/2001/XMLSchema-instance" xsi:noNamespaceSchemaLocation="https://maven.apache.org/surefire/maven-surefire-plugin/xsd/surefire-test-report-3.0.xsd" version="3.0" name="es.codeurjc.ais.nitflex.Selenium.BugTest" time="11.92" tests="1" errors="0" skipped="0" failures="0">
  <properties>
[...]
</properties>
  <testcase name="detectBugTest" classname="es.codeurjc.ais.nitflex.Selenium.BugTest" time="3.997">
    <system-out><![CDATA[19:10:11.173 [main] INFO org.springframework.boot.devtools.restart.RestartApplicationListener -- Restart disabled due to context in which it is running

  .   ____          _            __ _ _
 /\\ / ___'_ __ _ _(_)_ __  __ _ \ \ \ \
( ( )\___ | '_ | '_| | '_ \/ _` | \ \ \ \
 \\/  ___)| |_)| | | | | || (_| |  ) ) ) )
  '  |____| .__|_| |_|_| |_\__, | / / / /
 =========|_|==============|___/=/_/_/_/
 :: Spring Boot ::                (v3.2.2)

2024-03-11T19:10:11.716+01:00  INFO 96024 --- [           main] e.codeurjc.ais.nitflex.Selenium.BugTest  : Starting BugTest using Java 17.0.10 with PID 96024 (started by javie in C:\Users\javie\Desktop\AIS\Prac_2\AISPractica2)
2024-03-11T19:10:11.719+01:00  INFO 96024 --- [           main] e.codeurjc.ais.nitflex.Selenium.BugTest  : No active profile set, falling back to 1 default profile: "default"
2024-03-11T19:10:13.229+01:00  INFO 96024 --- [           main] .s.d.r.c.RepositoryConfigurationDelegate : Bootstrapping Spring Data JPA repositories in DEFAULT mode.
2024-03-11T19:10:13.333+01:00  INFO 96024 --- [           main] .s.d.r.c.RepositoryConfigurationDelegate : Finished Spring Data repository scanning in 85 ms. Found 1 JPA repository interface.
2024-03-11T19:10:14.216+01:00  INFO 96024 --- [           main] o.s.b.w.embedded.tomcat.TomcatWebServer  : Tomcat initialized with port 0 (http)
2024-03-11T19:10:14.234+01:00  INFO 96024 --- [           main] o.apache.catalina.core.StandardService   : Starting service [Tomcat]
2024-03-11T19:10:14.235+01:00  INFO 96024 --- [           main] o.apache.catalina.core.StandardEngine    : Starting Servlet engine: [Apache Tomcat/10.1.18]
2024-03-11T19:10:14.351+01:00  INFO 96024 --- [           main] o.a.c.c.C.[Tomcat].[localhost].[/]       : Initializing Spring embedded WebApplicationContext
2024-03-11T19:10:14.352+01:00  INFO 96024 --- [           main] w.s.c.ServletWebServerApplicationContext : Root WebApplicationContext: initialization completed in 2145 ms
2024-03-11T19:10:14.574+01:00  INFO 96024 --- [           main] com.zaxxer.hikari.HikariDataSource       : HikariPool-1 - Starting...
2024-03-11T19:10:15.051+01:00  INFO 96024 --- [           main] com.zaxxer.hikari.pool.HikariPool        : HikariPool-1 - Added connection conn0: url=jdbc:h2:mem:0b767cfa-6924-4ea8-92da-84beb959db62 user=SA
2024-03-11T19:10:15.053+01:00  INFO 96024 --- [           main] com.zaxxer.hikari.HikariDataSource       : HikariPool-1 - Start completed.
2024-03-11T19:10:15.166+01:00  INFO 96024 --- [           main] o.hibernate.jpa.internal.util.LogHelper  : HHH000204: Processing PersistenceUnitInfo [name: default]
2024-03-11T19:10:15.293+01:00  INFO 96024 --- [           main] org.hibernate.Version                    : HHH000412: Hibernate ORM core version 6.4.1.Final
2024-03-11T19:10:15.363+01:00  INFO 96024 --- [           main] o.h.c.internal.RegionFactoryInitiator    : HHH000026: Second-level cache disabled
2024-03-11T19:10:15.632+01:00  INFO 96024 --- [           main] o.s.o.j.p.SpringPersistenceUnitInfo      : No LoadTimeWeaver setup: ignoring JPA class transformer
2024-03-11T19:10:17.196+01:00  INFO 96024 --- [           main] o.h.e.t.j.p.i.JtaPlatformInitiator       : HHH000489: No JTA platform available (set 'hibernate.transaction.jta.platform' to enable JTA platform integration)
2024-03-11T19:10:17.264+01:00  INFO 96024 --- [           main] j.LocalContainerEntityManagerFactoryBean : Initialized JPA EntityManagerFactory for persistence unit 'default'
2024-03-11T19:10:17.643+01:00  INFO 96024 --- [           main] e.c.ais.nitflex.DatabaseInitializer      : TEST ENV
2024-03-11T19:10:17.699+01:00  WARN 96024 --- [           main] JpaBaseConfiguration$JpaWebConfiguration : spring.jpa.open-in-view is enabled by default. Therefore, database queries may be performed during view rendering. Explicitly configure spring.jpa.open-in-view to disable this warning
2024-03-11T19:10:18.263+01:00  INFO 96024 --- [           main] o.s.b.w.embedded.tomcat.TomcatWebServer  : Tomcat started on port 61802 (http) with context path ''
2024-03-11T19:10:18.276+01:00  INFO 96024 --- [           main] e.codeurjc.ais.nitflex.Selenium.BugTest  : Started BugTest in 7.127 seconds (process running for 11.949)
2024-03-11T19:10:19.865+01:00  WARN 96024 --- [           main] o.o.selenium.devtools.CdpVersionFinder   : Unable to find an exact match for CDP version 122, returning the closest version; found: 120; Please update to a Selenium version that supports CDP version 122
2024-03-11T19:10:19.997+01:00  INFO 96024 --- [o-auto-1-exec-1] o.a.c.c.C.[Tomcat].[localhost].[/]       : Initializing Spring DispatcherServlet 'dispatcherServlet'
2024-03-11T19:10:19.998+01:00  INFO 96024 --- [o-auto-1-exec-1] o.s.web.servlet.DispatcherServlet        : Initializing Servlet 'dispatcherServlet'
2024-03-11T19:10:19.999+01:00  INFO 96024 --- [o-auto-1-exec-1] o.s.web.servlet.DispatcherServlet        : Completed initialization in 1 ms
2024-03-11T19:10:21.395+01:00  INFO 96024 --- [o-auto-1-exec-7] e.c.a.n.n.NotificationService            : Film Event: Film with title=101 dalmatas was created
]]></system-out>
  </testcase>
</testsuite>