<?xml version="1.0" encoding="UTF-8"?>
<testsuite xmlns:xsi="http://www.w3.org/2001/XMLSchema-instance" xsi:noNamespaceSchemaLocation="https://maven.apache.org/surefire/maven-surefire-plugin/xsd/surefire-test-report-3.0.xsd" version="3.0" name="es.codeurjc.ais.nitflex.Practica1.FilmServiceTest" time="1.98" tests="2" errors="0" skipped="0" failures="0">
  <properties>
[...]
</properties>
  <testcase name="saveFilmCorrectURLTest" classname="es.codeurjc.ais.nitflex.Practica1.FilmServiceTest" time="1.927"/>
  <testcase name="saveFilmIncorrectURLTest" classname="es.codeurjc.ais.nitflex.Practica1.FilmServiceTest" time="0.043"/>
</testsuite>